 FDMNES program, Revision 10th of June 2024        
   Date = 28 08 2025                              
   Time = 17 h 39 mn 34 s                         
 
   extract  
   energphot
   edge     
   radius   
   range    
   z_absorbe
   scf      
   r_self   
   green    
   quadrupol
   dipmag   
   dip_rel  
   relativis
   rpalf    
   density_a
   allsite  
   cif_file 

 Filout: fdmnes-restart.out

 Parallel calculation
  with 32 processors

 Number of calculated non equivalent absorbing atom =  1

 E_edge     = 11564.00 eV

 Cluster radius = 9.00 A, nb. of atom = 201
 Fermi energy calculation : cluster radius = 9.00 A, nb. of atom = 201
 Potential sup calculation: cluster radius =11.50 A, nb. of atom = 429

 Point group : 1        (C1   )
 Number of Energies =  931
    Energy    <xanes>    
  11414.00  3.3539426E-18
  11414.50  3.4529595E-18
  11415.00  3.5555074E-18
  11415.50  3.6616343E-18
  11416.00  3.7722684E-18
  11416.50  3.8868505E-18
  11417.00  4.0063574E-18
  11417.50  4.1302783E-18
  11418.00  4.2588600E-18
  11418.50  4.3928466E-18
  11419.00  4.5321596E-18
  11419.50  4.6774631E-18
  11420.00  4.8281736E-18
  11420.50  4.9847856E-18
  11421.00  5.1486523E-18
  11421.50  5.3189338E-18
  11422.00  5.4970042E-18
  11422.50  5.6821036E-18
  11423.00  5.8758931E-18
  11423.50  6.0782098E-18
  11424.00  6.2890989E-18
  11424.50  6.5099090E-18
  11425.00  6.7414283E-18
  11425.50  6.9834716E-18
  11426.00  7.2363001E-18
  11426.50  7.5021862E-18
  11427.00  7.7796718E-18
  11427.50  8.0696177E-18
  11428.00  8.3751766E-18
  11428.50  8.6937708E-18
  11429.00  9.0309041E-18
  11429.50  9.3849336E-18
  11430.00  9.7580656E-18
  11430.50  1.0150087E-17
  11431.00  1.0561957E-17
  11431.50  1.0999132E-17
  11432.00  1.1459281E-17
  11432.50  1.1944373E-17
  11433.00  1.2456933E-17
  11433.50  1.2998710E-17
  11434.00  1.3571398E-17
  11434.50  1.4179390E-17
  11435.00  1.4823310E-17
  11435.50  1.5507429E-17
  11436.00  1.6235210E-17
  11436.50  1.7007894E-17
  11437.00  1.7830902E-17
  11437.50  1.8713693E-17
  11438.00  1.9650136E-17
  11438.50  2.0656815E-17
  11439.00  2.1731804E-17
  11439.50  2.2883683E-17
  11440.00  2.4118932E-17
  11440.50  2.5440768E-17
  11441.00  2.6863057E-17
  11441.50  2.8405733E-17
  11442.00  3.0068714E-17
  11442.50  3.1869793E-17
  11443.00  3.3822106E-17
  11443.50  3.5944092E-17
  11444.00  3.8259184E-17
  11444.50  4.0777850E-17
  11445.00  4.3539528E-17
  11445.50  4.6570103E-17
  11446.00  4.9897433E-17
  11446.50  5.3547022E-17
  11447.00  5.7595637E-17
  11447.50  6.2094322E-17
  11448.00  6.7104246E-17
  11448.50  7.2701831E-17
  11449.00  7.8986887E-17
  11449.50  8.6060855E-17
  11450.00  9.4085094E-17
  11450.50  1.0322760E-16
  11451.00  1.1367351E-16
  11451.50  1.2570349E-16
  11452.00  1.3963080E-16
  11452.50  1.5585150E-16
  11453.00  1.7496426E-16
  11453.50  1.9764228E-16
  11454.00  2.2484221E-16
  11454.50  2.5785609E-16
  11455.00  2.9849599E-16
  11455.50  3.4916632E-16
  11456.00  4.1333806E-16
  11456.50  4.9653378E-16
  11457.00  6.0681515E-16
  11457.50  7.5652331E-16
  11458.00  9.6784972E-16
  11458.50  1.2795666E-15
  11459.00  1.7664634E-15
  11459.50  2.5881006E-15
  11460.00  4.1360887E-15
  11460.50  7.5915890E-15
  11461.00  1.7982429E-14
  11461.50  7.9637529E-14
  11462.00  2.1408271E-14
  11462.50  3.1452224E-14
  11463.00  1.1561870E-14
  11463.50  5.8023522E-15
  11464.00  3.4517528E-15
  11464.50  2.2831438E-15
  11465.00  1.6221012E-15
  11465.50  1.2119530E-15
  11466.00  9.4016697E-16
  11466.50  7.5143103E-16
  11467.00  6.1442229E-16
  11467.50  5.1214303E-16
  11468.00  4.3377247E-16
  11468.50  3.7230903E-16
  11469.00  3.2304003E-16
  11469.50  2.8305118E-16
  11470.00  2.5006536E-16
  11470.50  2.2274974E-16
  11471.00  1.9950662E-16
  11471.50  1.7982511E-16
  11472.00  1.6292663E-16
  11472.50  1.4834967E-16
  11473.00  1.3565605E-16
  11473.50  1.2455443E-16
  11474.00  1.1470838E-16
  11474.50  1.0601241E-16
  11475.00  9.8248720E-17
  11475.50  9.1362307E-17
  11476.00  8.5058779E-17
  11476.50  7.9350624E-17
  11477.00  7.4332715E-17
  11477.50  6.9674818E-17
  11478.00  6.5417745E-17
  11478.50  6.1561571E-17
  11479.00  5.7985286E-17
  11479.50  5.4692982E-17
  11480.00  5.1683482E-17
  11480.50  4.8862083E-17
  11481.00  4.6305236E-17
  11481.50  4.3854007E-17
  11482.00  4.1626021E-17
  11482.50  3.9548365E-17
  11483.00  3.7540092E-17
  11483.50  3.5695431E-17
  11484.00  3.3916668E-17
  11484.50  3.2315313E-17
  11485.00  3.0751558E-17
  11485.50  2.9309806E-17
  11486.00  2.7916988E-17
  11486.50  2.6591072E-17
  11487.00  2.5367332E-17
  11487.50  2.4182591E-17
  11488.00  2.3047134E-17
  11488.50  2.1940639E-17
  11489.00  2.0900431E-17
  11489.50  1.9936457E-17
  11490.00  1.8994276E-17
  11490.50  1.8128314E-17
  11491.00  1.7307649E-17
  11491.50  1.6581693E-17
  11492.00  1.6035543E-17
  11492.50  1.5883161E-17
  11493.00  1.7061799E-17
  11493.50  2.7342407E-17
  11494.00  2.1296216E-12
  11494.50  3.2363483E-17
  11495.00  1.6305714E-17
  11495.50  1.2778384E-17
  11496.00  1.1042760E-17
  11496.50  9.8575862E-18
  11497.00  8.9513675E-18
  11497.50  8.1365895E-18
  11498.00  7.3989269E-18
  11498.50  6.7370633E-18
  11499.00  6.1276273E-18
  11499.50  5.5593887E-18
  11500.00  5.1002421E-18
  11500.50  4.7637066E-18
  11501.00  4.5468179E-18
  11501.50  4.5599280E-18
  11502.00  4.8733766E-18
  11502.50  5.6530055E-18
  11503.00  7.1465927E-18
  11503.50  9.7544665E-18
  11504.00  1.4158953E-17
  11504.50  2.1328078E-17
  11505.00  3.3160797E-17
  11505.50  5.2500095E-17
  11506.00  8.3529679E-17
  11506.50  1.2891843E-16
  11507.00  1.7364579E-16
  11507.50  1.9515734E-16
  11508.00  3.8067249E-15
  11508.50  2.8223829E-13
  11509.00  9.6560938E-11
  11509.50  8.8781374E-03
  11510.00  8.2866556E-09
  11510.50  1.4131639E-11
  11511.00  6.0411160E-13
  11511.50  7.7094346E-14
  11512.00  1.7262308E-14
  11512.50  5.4439747E-15
  11513.00  2.1626297E-15
  11513.50  1.0159262E-15
  11514.00  5.4200410E-16
  11514.50  3.2017936E-16
  11515.00  2.0579391E-16
  11515.50  1.4208073E-16
  11516.00  1.0433219E-16
  11516.50  8.0860561E-17
  11517.00  6.5627363E-17
  11517.50  5.5532490E-17
  11518.00  4.8639515E-17
  11518.50  4.3969608E-17
  11519.00  4.0792769E-17
  11519.50  3.8779602E-17
  11520.00  3.7577492E-17
  11520.50  3.7249785E-17
  11521.00  3.7507492E-17
  11521.50  3.8307074E-17
  11522.00  3.9709870E-17
  11522.50  4.1751622E-17
  11523.00  4.4477682E-17
  11523.50  4.7927119E-17
  11524.00  5.2207635E-17
  11524.50  5.7481131E-17
  11525.00  6.4022160E-17
  11525.50  7.1894175E-17
  11526.00  8.1451886E-17
  11526.50  9.3230629E-17
  11527.00  1.0747403E-16
  11527.50  1.2486642E-16
  11528.00  1.4609818E-16
  11528.50  1.7227050E-16
  11529.00  2.0471151E-16
  11529.50  2.4485373E-16
  11530.00  2.9477212E-16
  11530.50  3.5734311E-16
  11531.00  4.3601758E-16
  11531.50  5.3555415E-16
  11532.00  6.6218999E-16
  11532.50  8.2408440E-16
  11533.00  1.0326755E-15
  11533.50  1.3030175E-15
  11534.00  1.6554156E-15
  11534.50  2.1185952E-15
  11535.00  2.7311492E-15
  11535.50  3.5477274E-15
  11536.00  4.6447555E-15
  11536.50  6.1307347E-15
  11537.00  8.1595207E-15
  11537.50  1.0955396E-14
  11538.00  1.4844075E-14
  11538.50  2.0301272E-14
  11539.00  2.8042265E-14
  11539.50  3.9139561E-14
  11540.00  5.5209619E-14
  11540.50  7.8773453E-14
  11541.00  1.1374944E-13
  11541.50  1.6626771E-13
  11542.00  2.4632265E-13
  11542.50  3.6997980E-13
  11543.00  5.6401048E-13
  11543.50  8.7358478E-13
  11544.00  1.3752127E-12
  11544.50  2.2050443E-12
  11545.00  3.6027244E-12
  11545.50  6.0127050E-12
  11546.00  1.0259384E-11
  11546.50  1.7952505E-11
  11547.00  3.2261980E-11
  11547.50  5.9801234E-11
  11548.00  1.1457243E-10
  11548.50  2.2830519E-10
  11549.00  4.7551562E-10
  11549.50  1.0431151E-09
  11550.00  2.4383155E-09
  11550.50  6.1444695E-09
  11551.00  1.7054454E-08
  11551.50  5.3768617E-08
  11552.00  2.0264458E-07
  11552.50  1.0038653E-06
  11553.00  8.0888000E-06
  11553.50  1.3096698E-04
  11554.00  1.1143949E-03
  11554.10  1.3247776E-03
  11554.20  1.4420114E-03
  11554.30  1.4895377E-03
  11554.40  1.5061319E-03
  11554.50  1.5203813E-03
  11554.60  1.5480295E-03
  11554.70  1.5973084E-03
  11554.80  1.6729906E-03
  11554.90  1.7791936E-03
  11555.00  1.9201971E-03
  11555.10  2.1008365E-03
  11555.20  2.3262124E-03
  11555.30  2.6028651E-03
  11555.40  2.9378046E-03
  11555.50  3.3388718E-03
  11555.60  3.8149645E-03
  11555.70  4.3760840E-03
  11555.80  5.0333324E-03
  11555.90  5.7984608E-03
  11556.00  6.6814218E-03
  11556.10  7.6877338E-03
  11556.20  8.8181205E-03
  11556.30  1.0080100E-02
  11556.40  1.1537469E-02
  11556.50  1.3446206E-02
  11556.60  1.6757341E-02
  11556.70  2.9173792E-02
  11556.80  6.1500145E-02
  11556.90  1.3454772E-01
  11557.00  4.2875317E-02
  11557.10  3.3866523E-02
  11557.20  3.7183331E-02
  11557.30  6.0763234E-02
  11557.40  1.6539291E-01
  11557.50  3.9493567E-01
  11557.60  1.5341828E-01
  11557.70  5.2116638E-01
  11557.80  7.8835988E-02
  11557.90  6.4875213E-02
  11558.00  1.4970418E-01
  11558.10  6.3806025E-02
  11558.20  1.9120273E-01
  11558.30  2.9038205E-01
  11558.40  2.4746660E-01
  11558.50  1.4124972E-01
  11558.60  1.3924445E-01
  11558.70  2.0136436E-01
  11558.80  2.1967353E-01
  11558.90  2.0775641E-01
  11559.00  1.3962659E-01
  11559.10  1.2807177E-01
  11559.20  1.6134319E-01
  11559.30  2.2861219E-01
  11559.40  1.8050493E-01
  11559.50  2.1386280E-01
  11559.60  2.6932696E-01
  11559.70  2.1396320E-01
  11559.80  2.2349636E-01
  11559.90  2.2281524E-01
  11560.00  2.8982416E-01
  11560.10  3.3018417E-01
  11560.20  3.9806040E-01
  11560.30  4.7482451E-01
  11560.40  4.6826421E-01
  11560.50  3.3554211E-01
  11560.60  1.8978637E-01
  11560.70  3.0560028E-01
  11560.80  4.1822788E-01
  11560.90  1.4121375E-01
  11561.00  1.0749207E-01
  11561.10  3.0000451E-01
  11561.20  4.6586125E-01
  11561.30  2.7427276E-01
  11561.40  2.1404434E-01
  11561.50  2.2231141E-01
  11561.60  2.9467459E-01
  11561.70  2.9478822E-01
  11561.80  3.0377551E-01
  11561.90  2.9184579E-01
  11562.00  2.7811871E-01
  11562.10  2.9209080E-01
  11562.20  3.9035185E-01
  11562.30  4.0610076E-01
  11562.40  2.7880783E-01
  11562.50  2.1683940E-01
  11562.60  2.1893538E-01
  11562.70  2.2009206E-01
  11562.80  1.9568030E-01
  11562.90  1.6998929E-01
  11563.00  1.7003524E-01
  11563.10  1.8137149E-01
  11563.20  2.0348582E-01
  11563.30  2.4718955E-01
  11563.40  3.6209517E-01
  11563.50  4.7326140E-01
  11563.60  6.4472528E-01
  11563.70  6.3636823E-01
  11563.80  5.5930015E-01
  11563.90  2.6201664E-01
  11564.00  2.6413144E-01
  11564.10  9.7007045E-01
  11564.20  2.7077365E-01
  11564.30  1.3144023E-01
  11564.40  1.0338534E-01
  11564.50  9.2011546E-02
  11564.60  8.5694575E-02
  11564.70  8.1573265E-02
  11564.80  7.8679619E-02
  11564.90  7.6625816E-02
  11565.00  7.5221943E-02
  11565.10  7.4331490E-02
  11565.20  7.3810358E-02
  11565.30  7.3485580E-02
  11565.40  7.3159908E-02
  11565.50  7.2635923E-02
  11565.60  7.1750922E-02
  11565.70  7.0408595E-02
  11565.80  6.8593293E-02
  11565.90  6.6361333E-02
  11566.00  6.3815800E-02
  11566.10  6.1077683E-02
  11566.20  5.8262958E-02
  11566.30  5.5469484E-02
  11566.40  5.2772140E-02
  11566.50  5.0223218E-02
  11566.60  4.7855417E-02
  11566.70  4.5685734E-02
  11566.80  4.3719327E-02
  11566.90  4.1952939E-02
  11567.00  4.0377669E-02
  11567.10  3.8981229E-02
  11567.20  3.7749580E-02
  11567.30  3.6668128E-02
  11567.40  3.5722527E-02
  11567.50  3.4899231E-02
  11567.60  3.4185721E-02
  11567.70  3.3570597E-02
  11567.80  3.3043528E-02
  11567.90  3.2595115E-02
  11568.00  3.2216709E-02
  11568.10  3.1900235E-02
  11568.20  3.1638053E-02
  11568.30  3.1422893E-02
  11568.40  3.1247881E-02
  11568.50  3.1106691E-02
  11568.60  3.0993821E-02
  11568.70  3.0904996E-02
  11568.80  3.0837694E-02
  11568.90  3.0791756E-02
  11569.00  3.0770086E-02
  11569.10  3.0779368E-02
  11569.20  3.0830852E-02
  11569.30  3.0941205E-02
  11569.40  3.1133566E-02
  11569.50  3.1438960E-02
  11569.60  3.1898359E-02
  11569.70  3.2565689E-02
  11569.80  3.3512035E-02
  11569.90  3.4830640E-02
  11570.00  3.6639763E-02
  11570.10  3.9075256E-02
  11570.20  4.2251509E-02
  11570.30  4.6151839E-02
  11570.40  5.0422614E-02
  11570.50  5.4194830E-02
  11570.60  5.6314465E-02
  11570.70  5.6118393E-02
  11570.80  5.3937434E-02
  11570.90  5.0671659E-02
  11571.00  4.7114581E-02
  11571.10  4.3710125E-02
  11571.20  4.0635223E-02
  11571.30  3.7931282E-02
  11571.40  3.5586324E-02
  11571.50  3.3571841E-02
  11571.60  3.1855805E-02
  11571.70  3.0406569E-02
  11571.80  2.9193052E-02
  11571.90  2.8184865E-02
  11572.00  2.7352788E-02
  11572.10  2.6669565E-02
  11572.20  2.6110916E-02
  11572.30  2.5657530E-02
  11572.40  2.5289399E-02
  11572.50  2.4994188E-02
  11572.60  2.4759778E-02
  11572.70  2.4575279E-02
  11572.80  2.4430980E-02
  11572.90  2.4319080E-02
  11573.00  2.4235493E-02
  11573.10  2.4180789E-02
  11573.20  2.4160461E-02
  11573.30  2.4186419E-02
  11573.40  2.4275453E-02
  11573.50  2.4447512E-02
  11573.60  2.4723858E-02
  11573.70  2.5125555E-02
  11573.80  2.5672452E-02
  11573.90  2.6382536E-02
  11574.00  2.7271334E-02
  11574.10  2.8350896E-02
  11574.20  2.9627897E-02
  11574.30  3.1100418E-02
  11574.40  3.2753280E-02
  11574.50  3.4552220E-02
  11574.60  3.6438416E-02
  11574.70  3.8326310E-02
  11574.80  4.0108798E-02
  11574.90  4.1672737E-02
  11575.00  4.2922705E-02
  11575.10  4.3804946E-02
  11575.20  4.4320594E-02
  11575.30  4.4522795E-02
  11575.40  4.4501103E-02
  11575.50  4.4361573E-02
  11575.60  4.4209199E-02
  11575.70  4.4134891E-02
  11575.80  4.4206300E-02
  11575.90  4.4461147E-02
  11576.00  4.4902755E-02
  11576.10  4.5498757E-02
  11576.20  4.6186221E-02
  11576.30  4.6879278E-02
  11576.40  4.7487963E-02
  11576.50  4.7936366E-02
  11576.60  4.8174933E-02
  11576.70  4.8183047E-02
  11576.80  4.7964734E-02
  11576.90  4.7541747E-02
  11577.00  4.6952068E-02
  11577.10  4.6251247E-02
  11577.20  4.5513319E-02
  11577.30  4.4827313E-02
  11577.40  4.4290019E-02
  11577.50  4.3998356E-02
  11577.60  4.4044039E-02
  11577.70  4.4508242E-02
  11577.80  4.5452180E-02
  11577.90  4.6891489E-02
  11578.00  4.8747455E-02
  11578.10  5.0787153E-02
  11578.20  5.2643558E-02
  11578.30  5.3947972E-02
  11578.40  5.4476695E-02
  11578.50  5.4230639E-02
  11578.60  5.3347041E-02
  11578.70  5.1944384E-02
  11578.80  5.0051699E-02
  11578.90  4.7671640E-02
  11579.00  4.4908383E-02
  11579.10  4.1998088E-02
  11579.20  3.9198455E-02
  11579.30  3.6687136E-02
  11579.40  3.4565963E-02
  11579.50  3.2919355E-02
  11579.60  3.1886264E-02
  11579.70  3.1765676E-02
  11579.80  3.3247118E-02
  11579.90  3.7817452E-02
  11580.00  4.6922446E-02
  11580.10  5.3242016E-02
  11580.20  4.6343673E-02
  11580.30  3.7143031E-02
  11580.40  3.1237855E-02
  11580.50  2.7702963E-02
  11580.60  2.5465401E-02
  11580.70  2.3957385E-02
  11580.80  2.2897225E-02
  11580.90  2.2140878E-02
  11581.00  2.1610646E-02
  11581.10  2.1260956E-02
  11581.20  2.1061683E-02
  11581.30  2.0990083E-02
  11581.40  2.1026916E-02
  11581.50  2.1154836E-02
  11581.60  2.1357839E-02
  11581.70  2.1621527E-02
  11581.80  2.1933688E-02
  11581.90  2.2284993E-02
  11582.00  2.2669707E-02
  11582.10  2.3086388E-02
  11582.20  2.3538348E-02
  11582.30  2.4034028E-02
  11582.40  2.4587109E-02
  11582.50  2.5215993E-02
  11582.60  2.5942654E-02
  11582.70  2.6790699E-02
  11582.80  2.7782671E-02
  11582.90  2.8935869E-02
  11583.00  3.0257367E-02
  11583.10  3.1736957E-02
  11583.20  3.3336706E-02
  11583.30  3.4976510E-02
  11583.40  3.6518789E-02
  11583.50  3.7766093E-02
  11583.60  3.8497625E-02
  11583.70  3.8560048E-02
  11583.80  3.7964674E-02
  11583.90  3.6886839E-02
  11584.00  3.5554880E-02
  11584.10  3.4146838E-02
  11584.20  3.2762562E-02
  11584.30  3.1445836E-02
  11584.40  3.0212013E-02
  11584.50  2.9064257E-02
  11584.60  2.8002339E-02
  11584.70  2.7022954E-02
  11584.80  2.6121966E-02
  11584.90  2.5295010E-02
  11585.00  2.4537534E-02
  11585.10  2.3865400E-02
  11585.20  2.3240476E-02
  11585.30  2.2685550E-02
  11585.40  2.2207012E-02
  11585.50  2.1814544E-02
  11585.60  2.1519766E-02
  11585.70  2.1336584E-02
  11585.80  2.1282266E-02
  11585.90  2.1379445E-02
  11586.00  2.1659938E-02
  11586.10  2.2171002E-02
  11586.20  2.2985875E-02
  11586.30  2.4216810E-02
  11586.40  2.6036491E-02
  11586.50  2.8692739E-02
  11586.60  3.2466413E-02
  11586.70  3.7392924E-02
  11586.80  4.2476350E-02
  11586.90  4.5147935E-02
  11587.00  4.3555764E-02
  11587.10  3.9288240E-02
  11587.20  3.4941504E-02
  11587.30  3.1634425E-02
  11587.40  2.9401822E-02
  11587.50  2.7983940E-02
  11587.60  2.7131155E-02
  11587.70  2.6659972E-02
  11587.80  2.6443236E-02
  11587.90  2.6392107E-02
  11588.00  2.6443124E-02
  11588.10  2.6550242E-02
  11588.20  2.6680323E-02
  11588.30  2.6810718E-02
  11588.40  2.6927922E-02
  11588.50  2.7025846E-02
  11588.60  2.7105338E-02
  11588.70  2.7172762E-02
  11588.80  2.7238092E-02
  11588.90  2.7313996E-02
  11589.00  2.7414723E-02
  11589.10  2.7555430E-02
  11589.20  2.7751433E-02
  11589.30  2.8018690E-02
  11589.40  2.8374030E-02
  11589.50  2.8835832E-02
  11589.60  2.9424898E-02
  11589.70  3.0165526E-02
  11589.80  3.1087255E-02
  11589.90  3.2225705E-02
  11590.00  3.3624716E-02
  11590.10  3.5339401E-02
  11590.20  3.7439016E-02
  11590.30  4.0010048E-02
  11590.40  4.3157329E-02
  11590.50  4.6997764E-02
  11590.60  5.1634928E-02
  11590.70  5.7088985E-02
  11590.80  6.3152119E-02
  11590.90  6.9198650E-02
  11591.00  7.4128451E-02
  11591.10  7.6806154E-02
  11591.20  7.6932826E-02
  11591.30  7.5388205E-02
  11591.40  7.3515172E-02
  11591.50  7.2225214E-02
  11591.60  7.1678364E-02
  11591.70  7.1453625E-02
  11591.80  7.1005371E-02
  11591.90  7.0095830E-02
  11592.00  6.8781103E-02
  11592.10  6.7104791E-02
  11592.20  6.4977611E-02
  11592.30  6.2283402E-02
  11592.40  5.9007992E-02
  11592.50  5.5288987E-02
  11592.60  5.1377460E-02
  11592.70  4.7547164E-02
  11592.80  4.4012027E-02
  11592.90  4.0894650E-02
  11593.00  3.8235379E-02
  11593.10  3.6020214E-02
  11593.20  3.4202882E-02
  11593.30  3.2730636E-02
  11593.40  3.1553499E-02
  11593.50  3.0628061E-02
  11593.60  2.9921404E-02
  11593.70  2.9410265E-02
  11593.80  2.9077794E-02
  11593.90  2.8912250E-02
  11594.00  2.8905172E-02
  11594.50  3.1018863E-02
  11595.00  3.6011109E-02
  11595.50  4.1723559E-02
  11596.00  4.1884275E-02
  11596.50  3.4371593E-02
  11597.00  2.7856249E-02
  11597.50  2.5178776E-02
  11598.00  2.5351632E-02
  11598.50  2.8358635E-02
  11599.00  3.4288301E-02
  11599.50  4.0543203E-02
  11600.00  4.8303841E-02
  11600.50  5.2592607E-02
  11601.00  4.9378062E-02
  11601.50  4.2753202E-02
  11602.00  3.7197338E-02
  11602.50  3.3407087E-02
  11603.00  3.0521118E-02
  11603.50  2.8073292E-02
  11604.00  2.6926941E-02
  11604.50  2.7200611E-02
  11605.00  2.7146299E-02
  11605.50  2.6759452E-02
  11606.00  2.7672491E-02
  11606.50  3.1018697E-02
  11607.00  3.4672952E-02
  11607.50  3.5918799E-02
  11608.00  3.4471233E-02
  11608.50  3.2629711E-02
  11609.00  3.2515359E-02
  11609.50  3.4563859E-02
  11610.00  3.6898100E-02
  11610.50  3.8085841E-02
  11611.00  3.8301092E-02
  11611.50  3.8432780E-02
  11612.00  3.8935752E-02
  11612.50  3.9046818E-02
  11613.00  3.8749655E-02
  11613.50  3.9314713E-02
  11614.00  4.1951067E-02
  11614.50  4.6157812E-02
  11615.00  4.9569322E-02
  11615.50  5.2525306E-02
  11616.00  5.6312161E-02
  11616.50  5.7259344E-02
  11617.00  4.9991205E-02
  11617.50  4.2740600E-02
  11618.00  3.8922843E-02
  11618.50  3.7094988E-02
  11619.00  3.6427971E-02
  11619.50  3.6706946E-02
  11620.00  3.7676798E-02
  11620.50  3.9021737E-02
  11621.00  4.0694372E-02
  11621.50  4.2142129E-02
  11622.00  4.2606273E-02
  11622.50  4.2028282E-02
  11623.00  4.1095472E-02
  11623.50  4.0444478E-02
  11624.00  4.0018086E-02
  11625.00  3.8623636E-02
  11626.00  3.7976178E-02
  11627.00  3.8486812E-02
  11628.00  3.8895262E-02
  11629.00  4.0108196E-02
  11630.00  4.1389907E-02
  11631.00  4.1235112E-02
  11632.00  4.0906756E-02
  11633.00  4.1446863E-02
  11634.00  4.0910258E-02
  11635.00  3.8801175E-02
  11636.00  3.6815898E-02
  11637.00  3.5831105E-02
  11638.00  3.5656969E-02
  11639.00  3.5061826E-02
  11640.00  3.3878656E-02
  11641.00  3.2903349E-02
  11642.00  3.2604669E-02
  11643.00  3.2926027E-02
  11644.00  3.3460490E-02
  11645.00  3.3709991E-02
  11646.00  3.3477635E-02
  11647.00  3.3192923E-02
  11648.00  3.3224668E-02
  11649.00  3.3683525E-02
  11650.00  3.4635305E-02
  11651.00  3.5809194E-02
  11652.00  3.6775431E-02
  11653.00  3.7537932E-02
  11654.00  3.8497591E-02
  11655.00  3.9848632E-02
  11656.00  4.1407959E-02
  11657.00  4.2787405E-02
  11658.00  4.3546537E-02
  11659.00  4.3380911E-02
  11660.00  4.2309574E-02
  11661.00  4.0673347E-02
  11662.00  3.8983947E-02
  11663.00  3.7683111E-02
  11664.00  3.7009795E-02
  11665.00  3.6983680E-02
  11666.00  3.7414983E-02
  11667.00  3.7978760E-02
  11668.00  3.8363673E-02
  11669.00  3.8415311E-02
  11670.00  3.8217736E-02
  11671.00  3.7974012E-02
  11672.00  3.7784953E-02
  11673.00  3.7565352E-02
  11674.00  3.7198656E-02
  11675.00  3.6708128E-02
  11676.00  3.6223828E-02
  11677.00  3.5865913E-02
  11678.00  3.5691307E-02
  11679.00  3.5713536E-02
  11680.00  3.5949653E-02
  11681.00  3.6426070E-02
  11682.00  3.7164414E-02
  11683.00  3.8135944E-02
  11684.00  3.9214309E-02
  11685.00  4.0220169E-02
  11686.00  4.1034933E-02
  11687.00  4.1615936E-02
  11688.00  4.1902176E-02
  11689.00  4.1796077E-02
  11690.00  4.1255176E-02
  11691.00  4.0318422E-02
  11692.00  3.9072731E-02
  11693.00  3.7675329E-02
  11694.00  3.6322753E-02
  11695.00  3.5132041E-02
  11696.00  3.4128499E-02
  11697.00  3.3307987E-02
  11698.00  3.2669645E-02
  11699.00  3.2210068E-02
  11700.00  3.1921002E-02
  11701.00  3.1795542E-02
  11702.00  3.1825768E-02
  11703.00  3.1988068E-02
  11704.00  3.2238573E-02
  11705.00  3.2531387E-02
  11706.00  3.2841404E-02
  11707.00  3.3169436E-02
  11708.00  3.3534338E-02
  11709.00  3.3953737E-02
  11710.00  3.4424169E-02
  11711.00  3.4921248E-02
  11712.00  3.5418691E-02
  11713.00  3.5905334E-02
  11714.00  3.6376361E-02
  11715.00  3.6814209E-02
  11716.00  3.7178529E-02
  11717.00  3.7426005E-02
  11718.00  3.7551611E-02
  11719.00  3.7596908E-02
  11720.00  3.7616393E-02
  11721.00  3.7658008E-02
  11722.00  3.7759860E-02
  11723.00  3.7936986E-02
  11724.00  3.8168053E-02
  11725.00  3.8399663E-02
  11726.00  3.8570597E-02
  11727.00  3.8645138E-02
  11728.00  3.8628352E-02
  11729.00  3.8544261E-02
  11730.00  3.8409162E-02
  11731.00  3.8218578E-02
  11732.00  3.7948219E-02
  11733.00  3.7571205E-02
  11734.00  3.7086802E-02
  11735.00  3.6532900E-02
  11736.00  3.5970760E-02
  11737.00  3.5452923E-02
  11738.00  3.5008644E-02
  11739.00  3.4657473E-02
  11740.00  3.4434670E-02
  11741.00  3.4397554E-02
  11742.00  3.4605602E-02
  11743.00  3.5095405E-02
  11744.00  3.5863975E-02
  11745.00  3.6857552E-02
  11746.00  3.7987771E-02
  11747.00  3.9168878E-02
  11748.00  4.0323587E-02
  11749.00  4.1350783E-02
  11750.00  4.2113537E-02
  11751.00  4.2491649E-02
  11752.00  4.2451995E-02
  11753.00  4.2035165E-02
  11754.00  4.1290636E-02
  11755.00  4.0269254E-02
  11756.00  3.9057500E-02
  11757.00  3.7777053E-02
  11758.00  3.6551343E-02
  11759.00  3.5472179E-02
  11760.00  3.4586165E-02
  11761.00  3.3896337E-02
  11762.00  3.3376118E-02
  11763.00  3.2988847E-02
  11764.00  3.2703442E-02
  11765.00  3.2500656E-02
  11766.00  3.2368116E-02
  11767.00  3.2286012E-02
  11768.00  3.2226030E-02
  11769.00  3.2177926E-02
  11770.00  3.2171869E-02
  11771.00  3.2260722E-02
  11772.00  3.2482385E-02
  11773.00  3.2834460E-02
  11774.00  3.3271335E-02
  11775.00  3.3724290E-02
  11776.00  3.4137298E-02
  11777.00  3.4490468E-02
  11778.00  3.4786863E-02
  11779.00  3.5022120E-02
  11780.00  3.5171142E-02
  11781.00  3.5182548E-02
  11782.00  3.4942239E-02
  11783.00  3.4116260E-02
  11784.00  4.3415569E-02
  11785.00  3.6002704E-02
  11786.00  3.4724980E-02
  11787.00  3.3852724E-02
  11788.00  3.3199740E-02
  11789.00  3.2771234E-02
  11790.00  3.2581886E-02
  11791.00  3.2635707E-02
  11792.00  3.2920612E-02
  11793.00  3.3400155E-02
  11794.00  3.4006628E-02
  11795.00  3.4643425E-02
  11796.00  3.5210176E-02
  11797.00  3.5661441E-02
  11798.00  3.6038707E-02
  11799.00  3.6418011E-02
  11800.00  3.6841274E-02
  11801.00  3.7298598E-02
  11802.00  3.7752019E-02
  11803.00  3.8167157E-02
  11804.00  3.8531731E-02
  11805.00  3.8851331E-02
  11806.00  3.9133243E-02
  11807.00  3.9374729E-02
  11808.00  3.9561615E-02
  11809.00  3.9675920E-02
  11810.00  3.9708070E-02
  11811.00  3.9668465E-02
  11812.00  3.9593715E-02
  11813.00  3.9536203E-02
  11814.00  3.9532328E-02
 Number of Energies =  931
    Energy    <xanes>    
  11414.00  2.5510201E-27
  11414.50  0.0000000E+00
  11415.00  0.0000000E+00
  11415.50  0.0000000E+00
  11416.00  0.0000000E+00
  11416.50  0.0000000E+00
  11417.00  0.0000000E+00
  11417.50  0.0000000E+00
  11418.00  0.0000000E+00
  11418.50  0.0000000E+00
  11419.00  0.0000000E+00
  11419.50  0.0000000E+00
  11420.00  0.0000000E+00
  11420.50  0.0000000E+00
  11421.00  0.0000000E+00
  11421.50  0.0000000E+00
  11422.00  0.0000000E+00
  11422.50  0.0000000E+00
  11423.00  0.0000000E+00
  11423.50  0.0000000E+00
  11424.00  0.0000000E+00
  11424.50  0.0000000E+00
  11425.00  0.0000000E+00
  11425.50  0.0000000E+00
  11426.00  0.0000000E+00
  11426.50  0.0000000E+00
  11427.00  0.0000000E+00
  11427.50  0.0000000E+00
  11428.00  0.0000000E+00
  11428.50  0.0000000E+00
  11429.00  0.0000000E+00
  11429.50  0.0000000E+00
  11430.00  2.8997153E-27
  11430.50  0.0000000E+00
  11431.00  0.0000000E+00
  11431.50  0.0000000E+00
  11432.00  0.0000000E+00
  11432.50  0.0000000E+00
  11433.00  0.0000000E+00
  11433.50  0.0000000E+00
  11434.00  0.0000000E+00
  11434.50  0.0000000E+00
  11435.00  0.0000000E+00
  11435.50  0.0000000E+00
  11436.00  0.0000000E+00
  11436.50  0.0000000E+00
  11437.00  0.0000000E+00
  11437.50  0.0000000E+00
  11438.00  0.0000000E+00
  11438.50  0.0000000E+00
  11439.00  0.0000000E+00
  11439.50  0.0000000E+00
  11440.00  0.0000000E+00
  11440.50  0.0000000E+00
  11441.00  0.0000000E+00
  11441.50  0.0000000E+00
  11442.00  0.0000000E+00
  11442.50  0.0000000E+00
  11443.00  0.0000000E+00
  11443.50  0.0000000E+00
  11444.00  0.0000000E+00
  11444.50  0.0000000E+00
  11445.00  0.0000000E+00
  11445.50  0.0000000E+00
  11446.00  3.3440715E-27
  11446.50  0.0000000E+00
  11447.00  0.0000000E+00
  11447.50  0.0000000E+00
  11448.00  0.0000000E+00
  11448.50  0.0000000E+00
  11449.00  0.0000000E+00
  11449.50  0.0000000E+00
  11450.00  0.0000000E+00
  11450.50  0.0000000E+00
  11451.00  0.0000000E+00
  11451.50  0.0000000E+00
  11452.00  0.0000000E+00
  11452.50  0.0000000E+00
  11453.00  0.0000000E+00
  11453.50  0.0000000E+00
  11454.00  0.0000000E+00
  11454.50  0.0000000E+00
  11455.00  0.0000000E+00
  11455.50  0.0000000E+00
  11456.00  0.0000000E+00
  11456.50  0.0000000E+00
  11457.00  0.0000000E+00
  11457.50  0.0000000E+00
  11458.00  0.0000000E+00
  11458.50  0.0000000E+00
  11459.00  0.0000000E+00
  11459.50  0.0000000E+00
  11460.00  0.0000000E+00
  11460.50  0.0000000E+00
  11461.00  0.0000000E+00
  11461.50  0.0000000E+00
  11462.00  3.9306260E-27
  11462.50  0.0000000E+00
  11463.00  0.0000000E+00
  11463.50  0.0000000E+00
  11464.00  0.0000000E+00
  11464.50  0.0000000E+00
  11465.00  0.0000000E+00
  11465.50  0.0000000E+00
  11466.00  0.0000000E+00
  11466.50  0.0000000E+00
  11467.00  0.0000000E+00
  11467.50  0.0000000E+00
  11468.00  0.0000000E+00
  11468.50  0.0000000E+00
  11469.00  0.0000000E+00
  11469.50  0.0000000E+00
  11470.00  0.0000000E+00
  11470.50  0.0000000E+00
  11471.00  0.0000000E+00
  11471.50  0.0000000E+00
  11472.00  0.0000000E+00
  11472.50  0.0000000E+00
  11473.00  0.0000000E+00
  11473.50  0.0000000E+00
  11474.00  0.0000000E+00
  11474.50  0.0000000E+00
  11475.00  0.0000000E+00
  11475.50  0.0000000E+00
  11476.00  0.0000000E+00
  11476.50  0.0000000E+00
  11477.00  0.0000000E+00
  11477.50  0.0000000E+00
  11478.00  4.7288411E-27
  11478.50  0.0000000E+00
  11479.00  0.0000000E+00
  11479.50  0.0000000E+00
  11480.00  0.0000000E+00
  11480.50  0.0000000E+00
  11481.00  0.0000000E+00
  11481.50  0.0000000E+00
  11482.00  0.0000000E+00
  11482.50  0.0000000E+00
  11483.00  0.0000000E+00
  11483.50  0.0000000E+00
  11484.00  0.0000000E+00
  11484.50  0.0000000E+00
  11485.00  0.0000000E+00
  11485.50  0.0000000E+00
  11486.00  0.0000000E+00
  11486.50  0.0000000E+00
  11487.00  0.0000000E+00
  11487.50  0.0000000E+00
  11488.00  0.0000000E+00
  11488.50  0.0000000E+00
  11489.00  0.0000000E+00
  11489.50  0.0000000E+00
  11490.00  0.0000000E+00
  11490.50  0.0000000E+00
  11491.00  0.0000000E+00
  11491.50  0.0000000E+00
  11492.00  0.0000000E+00
  11492.50  0.0000000E+00
  11493.00  0.0000000E+00
  11493.50  0.0000000E+00
  11494.00  5.8785007E-27
  11494.50  0.0000000E+00
  11495.00  0.0000000E+00
  11495.50  0.0000000E+00
  11496.00  0.0000000E+00
  11496.50  0.0000000E+00
  11497.00  0.0000000E+00
  11497.50  0.0000000E+00
  11498.00  0.0000000E+00
  11498.50  0.0000000E+00
  11499.00  0.0000000E+00
  11499.50  0.0000000E+00
  11500.00  0.0000000E+00
  11500.50  0.0000000E+00
  11501.00  0.0000000E+00
  11501.50  0.0000000E+00
  11502.00  0.0000000E+00
  11502.50  0.0000000E+00
  11503.00  0.0000000E+00
  11503.50  0.0000000E+00
  11504.00  0.0000000E+00
  11504.50  0.0000000E+00
  11505.00  0.0000000E+00
  11505.50  0.0000000E+00
  11506.00  0.0000000E+00
  11506.50  0.0000000E+00
  11507.00  0.0000000E+00
  11507.50  0.0000000E+00
  11508.00  0.0000000E+00
  11508.50  0.0000000E+00
  11509.00  0.0000000E+00
  11509.50  0.0000000E+00
  11510.00  7.7022510E-27
  11510.50  0.0000000E+00
  11511.00  0.0000000E+00
  11511.50  0.0000000E+00
  11512.00  0.0000000E+00
  11512.50  0.0000000E+00
  11513.00  0.0000000E+00
  11513.50  0.0000000E+00
  11514.00  0.0000000E+00
  11514.50  0.0000000E+00
  11515.00  0.0000000E+00
  11515.50  0.0000000E+00
  11516.00  0.0000000E+00
  11516.50  0.0000000E+00
  11517.00  0.0000000E+00
  11517.50  0.0000000E+00
  11518.00  0.0000000E+00
  11518.50  0.0000000E+00
  11519.00  0.0000000E+00
  11519.50  0.0000000E+00
  11520.00  0.0000000E+00
  11520.50  0.0000000E+00
  11521.00  0.0000000E+00
  11521.50  0.0000000E+00
  11522.00  0.0000000E+00
  11522.50  0.0000000E+00
  11523.00  0.0000000E+00
  11523.50  0.0000000E+00
  11524.00  0.0000000E+00
  11524.50  0.0000000E+00
  11525.00  0.0000000E+00
  11525.50  0.0000000E+00
  11526.00  1.1015144E-26
  11526.50  0.0000000E+00
  11527.00  0.0000000E+00
  11527.50  0.0000000E+00
  11528.00  0.0000000E+00
  11528.50  0.0000000E+00
  11529.00  0.0000000E+00
  11529.50  0.0000000E+00
  11530.00  0.0000000E+00
  11530.50  0.0000000E+00
  11531.00  0.0000000E+00
  11531.50  0.0000000E+00
  11532.00  0.0000000E+00
  11532.50  0.0000000E+00
  11533.00  0.0000000E+00
  11533.50  0.0000000E+00
  11534.00  0.0000000E+00
  11534.50  0.0000000E+00
  11535.00  0.0000000E+00
  11535.50  0.0000000E+00
  11536.00  0.0000000E+00
  11536.50  0.0000000E+00
  11537.00  0.0000000E+00
  11537.50  0.0000000E+00
  11538.00  0.0000000E+00
  11538.50  0.0000000E+00
  11539.00  0.0000000E+00
  11539.50  0.0000000E+00
  11540.00  0.0000000E+00
  11540.50  0.0000000E+00
  11541.00  0.0000000E+00
  11541.50  0.0000000E+00
  11542.00  1.8931290E-26
  11542.50  0.0000000E+00
  11543.00  0.0000000E+00
  11543.50  0.0000000E+00
  11544.00  0.0000000E+00
  11544.50  0.0000000E+00
  11545.00  0.0000000E+00
  11545.50  0.0000000E+00
  11546.00  0.0000000E+00
  11546.50  0.0000000E+00
  11547.00  0.0000000E+00
  11547.50  0.0000000E+00
  11548.00  0.0000000E+00
  11548.50  0.0000000E+00
  11549.00  0.0000000E+00
  11549.50  0.0000000E+00
  11550.00  0.0000000E+00
  11550.50  0.0000000E+00
  11551.00  0.0000000E+00
  11551.50  0.0000000E+00
  11552.00  0.0000000E+00
  11552.50  0.0000000E+00
  11553.00  0.0000000E+00
  11553.50  0.0000000E+00
  11554.00  0.0000000E+00
  11554.10  0.0000000E+00
  11554.20  0.0000000E+00
  11554.30  0.0000000E+00
  11554.40  0.0000000E+00
  11554.50  0.0000000E+00
  11554.60  0.0000000E+00
  11554.70  0.0000000E+00
  11554.80  4.4151896E-26
  11554.90  0.0000000E+00
  11555.00  0.0000000E+00
  11555.10  0.0000000E+00
  11555.20  0.0000000E+00
  11555.30  0.0000000E+00
  11555.40  0.0000000E+00
  11555.50  0.0000000E+00
  11555.60  0.0000000E+00
  11555.70  0.0000000E+00
  11555.80  0.0000000E+00
  11555.90  0.0000000E+00
  11556.00  0.0000000E+00
  11556.10  0.0000000E+00
  11556.20  0.0000000E+00
  11556.30  0.0000000E+00
  11556.40  0.0000000E+00
  11556.50  0.0000000E+00
  11556.60  0.0000000E+00
  11556.70  0.0000000E+00
  11556.80  0.0000000E+00
  11556.90  0.0000000E+00
  11557.00  0.0000000E+00
  11557.10  0.0000000E+00
  11557.20  0.0000000E+00
  11557.30  0.0000000E+00
  11557.40  0.0000000E+00
  11557.50  0.0000000E+00
  11557.60  0.0000000E+00
  11557.70  0.0000000E+00
  11557.80  0.0000000E+00
  11557.90  0.0000000E+00
  11558.00  6.6464835E-26
  11558.10  0.0000000E+00
  11558.20  0.0000000E+00
  11558.30  0.0000000E+00
  11558.40  0.0000000E+00
  11558.50  0.0000000E+00
  11558.60  0.0000000E+00
  11558.70  0.0000000E+00
  11558.80  0.0000000E+00
  11558.90  0.0000000E+00
  11559.00  0.0000000E+00
  11559.10  0.0000000E+00
  11559.20  0.0000000E+00
  11559.30  0.0000000E+00
  11559.40  0.0000000E+00
  11559.50  0.0000000E+00
  11559.60  0.0000000E+00
  11559.70  0.0000000E+00
  11559.80  0.0000000E+00
  11559.90  0.0000000E+00
  11560.00  0.0000000E+00
  11560.10  0.0000000E+00
  11560.20  0.0000000E+00
  11560.30  0.0000000E+00
  11560.40  0.0000000E+00
  11560.50  0.0000000E+00
  11560.60  0.0000000E+00
  11560.70  0.0000000E+00
  11560.80  0.0000000E+00
  11560.90  0.0000000E+00
  11561.00  0.0000000E+00
  11561.10  0.0000000E+00
  11561.20  1.3630939E-25
  11561.30  0.0000000E+00
  11561.40  0.0000000E+00
  11561.50  0.0000000E+00
  11561.60  0.0000000E+00
  11561.70  0.0000000E+00
  11561.80  0.0000000E+00
  11561.90  0.0000000E+00
  11562.00  0.0000000E+00
  11562.10  0.0000000E+00
  11562.20  0.0000000E+00
  11562.30  0.0000000E+00
  11562.40  0.0000000E+00
  11562.50  0.0000000E+00
  11562.60  0.0000000E+00
  11562.70  0.0000000E+00
  11562.80  0.0000000E+00
  11562.90  0.0000000E+00
  11563.00  0.0000000E+00
  11563.10  0.0000000E+00
  11563.20  0.0000000E+00
  11563.30  0.0000000E+00
  11563.40  0.0000000E+00
  11563.50  0.0000000E+00
  11563.60  0.0000000E+00
  11563.70  0.0000000E+00
  11563.80  0.0000000E+00
  11563.90  0.0000000E+00
  11564.00  0.0000000E+00
  11564.10  0.0000000E+00
  11564.20  0.0000000E+00
  11564.30  0.0000000E+00
  11564.40  1.1162018E-01
  11564.50  0.0000000E+00
  11564.60  0.0000000E+00
  11564.70  0.0000000E+00
  11564.80  0.0000000E+00
  11564.90  0.0000000E+00
  11565.00  0.0000000E+00
  11565.10  0.0000000E+00
  11565.20  0.0000000E+00
  11565.30  0.0000000E+00
  11565.40  0.0000000E+00
  11565.50  0.0000000E+00
  11565.60  0.0000000E+00
  11565.70  0.0000000E+00
  11565.80  0.0000000E+00
  11565.90  0.0000000E+00
  11566.00  0.0000000E+00
  11566.10  0.0000000E+00
  11566.20  0.0000000E+00
  11566.30  0.0000000E+00
  11566.40  0.0000000E+00
  11566.50  0.0000000E+00
  11566.60  0.0000000E+00
  11566.70  0.0000000E+00
  11566.80  0.0000000E+00
  11566.90  0.0000000E+00
  11567.00  0.0000000E+00
  11567.10  0.0000000E+00
  11567.20  0.0000000E+00
  11567.30  0.0000000E+00
  11567.40  0.0000000E+00
  11567.50  0.0000000E+00
  11567.60  3.2764236E-02
  11567.70  0.0000000E+00
  11567.80  0.0000000E+00
  11567.90  0.0000000E+00
  11568.00  0.0000000E+00
  11568.10  0.0000000E+00
  11568.20  0.0000000E+00
  11568.30  0.0000000E+00
  11568.40  0.0000000E+00
  11568.50  0.0000000E+00
  11568.60  0.0000000E+00
  11568.70  0.0000000E+00
  11568.80  0.0000000E+00
  11568.90  0.0000000E+00
  11569.00  0.0000000E+00
  11569.10  0.0000000E+00
  11569.20  0.0000000E+00
  11569.30  0.0000000E+00
  11569.40  0.0000000E+00
  11569.50  0.0000000E+00
  11569.60  0.0000000E+00
  11569.70  0.0000000E+00
  11569.80  0.0000000E+00
  11569.90  0.0000000E+00
  11570.00  0.0000000E+00
  11570.10  0.0000000E+00
  11570.20  0.0000000E+00
  11570.30  0.0000000E+00
  11570.40  0.0000000E+00
  11570.50  0.0000000E+00
  11570.60  0.0000000E+00
  11570.70  0.0000000E+00
  11570.80  5.1708354E-02
  11570.90  0.0000000E+00
  11571.00  0.0000000E+00
  11571.10  0.0000000E+00
  11571.20  0.0000000E+00
  11571.30  0.0000000E+00
  11571.40  0.0000000E+00
  11571.50  0.0000000E+00
  11571.60  0.0000000E+00
  11571.70  0.0000000E+00
  11571.80  0.0000000E+00
  11571.90  0.0000000E+00
  11572.00  0.0000000E+00
  11572.10  0.0000000E+00
  11572.20  0.0000000E+00
  11572.30  0.0000000E+00
  11572.40  0.0000000E+00
  11572.50  0.0000000E+00
  11572.60  0.0000000E+00
  11572.70  0.0000000E+00
  11572.80  0.0000000E+00
  11572.90  0.0000000E+00
  11573.00  0.0000000E+00
  11573.10  0.0000000E+00
  11573.20  0.0000000E+00
  11573.30  0.0000000E+00
  11573.40  0.0000000E+00
  11573.50  0.0000000E+00
  11573.60  0.0000000E+00
  11573.70  0.0000000E+00
  11573.80  0.0000000E+00
  11573.90  0.0000000E+00
  11574.00  2.5467124E-02
  11574.10  0.0000000E+00
  11574.20  0.0000000E+00
  11574.30  0.0000000E+00
  11574.40  0.0000000E+00
  11574.50  0.0000000E+00
  11574.60  0.0000000E+00
  11574.70  0.0000000E+00
  11574.80  0.0000000E+00
  11574.90  0.0000000E+00
  11575.00  0.0000000E+00
  11575.10  0.0000000E+00
  11575.20  0.0000000E+00
  11575.30  0.0000000E+00
  11575.40  0.0000000E+00
  11575.50  0.0000000E+00
  11575.60  0.0000000E+00
  11575.70  0.0000000E+00
  11575.80  0.0000000E+00
  11575.90  0.0000000E+00
  11576.00  0.0000000E+00
  11576.10  0.0000000E+00
  11576.20  0.0000000E+00
  11576.30  0.0000000E+00
  11576.40  0.0000000E+00
  11576.50  0.0000000E+00
  11576.60  0.0000000E+00
  11576.70  0.0000000E+00
  11576.80  0.0000000E+00
  11576.90  0.0000000E+00
  11577.00  0.0000000E+00
  11577.10  0.0000000E+00
  11577.20  4.2757341E-02
  11577.30  0.0000000E+00
  11577.40  0.0000000E+00
  11577.50  0.0000000E+00
  11577.60  0.0000000E+00
  11577.70  0.0000000E+00
  11577.80  0.0000000E+00
  11577.90  0.0000000E+00
  11578.00  0.0000000E+00
  11578.10  0.0000000E+00
  11578.20  0.0000000E+00
  11578.30  0.0000000E+00
  11578.40  0.0000000E+00
  11578.50  0.0000000E+00
  11578.60  0.0000000E+00
  11578.70  0.0000000E+00
  11578.80  0.0000000E+00
  11578.90  0.0000000E+00
  11579.00  0.0000000E+00
  11579.10  0.0000000E+00
  11579.20  0.0000000E+00
  11579.30  0.0000000E+00
  11579.40  0.0000000E+00
  11579.50  0.0000000E+00
  11579.60  0.0000000E+00
  11579.70  0.0000000E+00
  11579.80  0.0000000E+00
  11579.90  0.0000000E+00
  11580.00  0.0000000E+00
  11580.10  0.0000000E+00
  11580.20  0.0000000E+00
  11580.30  0.0000000E+00
  11580.40  3.0205057E-02
  11580.50  0.0000000E+00
  11580.60  0.0000000E+00
  11580.70  0.0000000E+00
  11580.80  0.0000000E+00
  11580.90  0.0000000E+00
  11581.00  0.0000000E+00
  11581.10  0.0000000E+00
  11581.20  0.0000000E+00
  11581.30  0.0000000E+00
  11581.40  0.0000000E+00
  11581.50  0.0000000E+00
  11581.60  0.0000000E+00
  11581.70  0.0000000E+00
  11581.80  0.0000000E+00
  11581.90  0.0000000E+00
  11582.00  0.0000000E+00
  11582.10  0.0000000E+00
  11582.20  0.0000000E+00
  11582.30  0.0000000E+00
  11582.40  0.0000000E+00
  11582.50  0.0000000E+00
  11582.60  0.0000000E+00
  11582.70  0.0000000E+00
  11582.80  0.0000000E+00
  11582.90  0.0000000E+00
  11583.00  0.0000000E+00
  11583.10  0.0000000E+00
  11583.20  0.0000000E+00
  11583.30  0.0000000E+00
  11583.40  0.0000000E+00
  11583.50  0.0000000E+00
  11583.60  3.6443670E-02
  11583.70  0.0000000E+00
  11583.80  0.0000000E+00
  11583.90  0.0000000E+00
  11584.00  0.0000000E+00
  11584.10  0.0000000E+00
  11584.20  0.0000000E+00
  11584.30  0.0000000E+00
  11584.40  0.0000000E+00
  11584.50  0.0000000E+00
  11584.60  0.0000000E+00
  11584.70  0.0000000E+00
  11584.80  0.0000000E+00
  11584.90  0.0000000E+00
  11585.00  0.0000000E+00
  11585.10  0.0000000E+00
  11585.20  0.0000000E+00
  11585.30  0.0000000E+00
  11585.40  0.0000000E+00
  11585.50  0.0000000E+00
  11585.60  0.0000000E+00
  11585.70  0.0000000E+00
  11585.80  0.0000000E+00
  11585.90  0.0000000E+00
  11586.00  0.0000000E+00
  11586.10  0.0000000E+00
  11586.20  0.0000000E+00
  11586.30  0.0000000E+00
  11586.40  0.0000000E+00
  11586.50  0.0000000E+00
  11586.60  0.0000000E+00
  11586.70  0.0000000E+00
  11586.80  3.9460222E-02
  11586.90  0.0000000E+00
  11587.00  0.0000000E+00
  11587.10  0.0000000E+00
  11587.20  0.0000000E+00
  11587.30  0.0000000E+00
  11587.40  0.0000000E+00
  11587.50  0.0000000E+00
  11587.60  0.0000000E+00
  11587.70  0.0000000E+00
  11587.80  0.0000000E+00
  11587.90  0.0000000E+00
  11588.00  0.0000000E+00
  11588.10  0.0000000E+00
  11588.20  0.0000000E+00
  11588.30  0.0000000E+00
  11588.40  0.0000000E+00
  11588.50  0.0000000E+00
  11588.60  0.0000000E+00
  11588.70  0.0000000E+00
  11588.80  0.0000000E+00
  11588.90  0.0000000E+00
  11589.00  0.0000000E+00
  11589.10  0.0000000E+00
  11589.20  0.0000000E+00
  11589.30  0.0000000E+00
  11589.40  0.0000000E+00
  11589.50  0.0000000E+00
  11589.60  0.0000000E+00
  11589.70  0.0000000E+00
  11589.80  0.0000000E+00
  11589.90  0.0000000E+00
  11590.00  3.0896008E-02
  11590.10  0.0000000E+00
  11590.20  0.0000000E+00
  11590.30  0.0000000E+00
  11590.40  0.0000000E+00
  11590.50  0.0000000E+00
  11590.60  0.0000000E+00
  11590.70  0.0000000E+00
  11590.80  0.0000000E+00
  11590.90  0.0000000E+00
  11591.00  0.0000000E+00
  11591.10  0.0000000E+00
  11591.20  0.0000000E+00
  11591.30  0.0000000E+00
  11591.40  0.0000000E+00
  11591.50  0.0000000E+00
  11591.60  0.0000000E+00
  11591.70  0.0000000E+00
  11591.80  0.0000000E+00
  11591.90  0.0000000E+00
  11592.00  0.0000000E+00
  11592.10  0.0000000E+00
  11592.20  0.0000000E+00
  11592.30  0.0000000E+00
  11592.40  0.0000000E+00
  11592.50  0.0000000E+00
  11592.60  0.0000000E+00
  11592.70  0.0000000E+00
  11592.80  0.0000000E+00
  11592.90  0.0000000E+00
  11593.00  0.0000000E+00
  11593.10  0.0000000E+00
  11593.20  3.3184823E-02
  11593.30  0.0000000E+00
  11593.40  0.0000000E+00
  11593.50  0.0000000E+00
  11593.60  0.0000000E+00
  11593.70  0.0000000E+00
  11593.80  0.0000000E+00
  11593.90  0.0000000E+00
  11594.00  0.0000000E+00
  11594.50  0.0000000E+00
  11595.00  0.0000000E+00
  11595.50  0.0000000E+00
  11596.00  0.0000000E+00
  11596.50  0.0000000E+00
  11597.00  0.0000000E+00
  11597.50  0.0000000E+00
  11598.00  0.0000000E+00
  11598.50  0.0000000E+00
  11599.00  0.0000000E+00
  11599.50  0.0000000E+00
  11600.00  0.0000000E+00
  11600.50  0.0000000E+00
  11601.00  0.0000000E+00
  11601.50  0.0000000E+00
  11602.00  0.0000000E+00
  11602.50  0.0000000E+00
  11603.00  0.0000000E+00
  11603.50  0.0000000E+00
  11604.00  0.0000000E+00
  11604.50  0.0000000E+00
  11605.00  0.0000000E+00
  11605.50  0.0000000E+00
  11606.00  2.6091077E-02
  11606.50  0.0000000E+00
  11607.00  0.0000000E+00
  11607.50  0.0000000E+00
  11608.00  0.0000000E+00
  11608.50  0.0000000E+00
  11609.00  0.0000000E+00
  11609.50  0.0000000E+00
  11610.00  0.0000000E+00
  11610.50  0.0000000E+00
  11611.00  0.0000000E+00
  11611.50  0.0000000E+00
  11612.00  0.0000000E+00
  11612.50  0.0000000E+00
  11613.00  0.0000000E+00
  11613.50  0.0000000E+00
  11614.00  0.0000000E+00
  11614.50  0.0000000E+00
  11615.00  0.0000000E+00
  11615.50  0.0000000E+00
  11616.00  0.0000000E+00
  11616.50  0.0000000E+00
  11617.00  0.0000000E+00
  11617.50  0.0000000E+00
  11618.00  0.0000000E+00
  11618.50  0.0000000E+00
  11619.00  0.0000000E+00
  11619.50  0.0000000E+00
  11620.00  0.0000000E+00
  11620.50  0.0000000E+00
  11621.00  0.0000000E+00
  11621.50  0.0000000E+00
  11622.00  4.0649519E-02
  11622.50  0.0000000E+00
  11623.00  0.0000000E+00
  11623.50  0.0000000E+00
  11624.00  0.0000000E+00
  11625.00  0.0000000E+00
  11626.00  0.0000000E+00
  11627.00  0.0000000E+00
  11628.00  0.0000000E+00
  11629.00  0.0000000E+00
  11630.00  0.0000000E+00
  11631.00  0.0000000E+00
  11632.00  0.0000000E+00
  11633.00  0.0000000E+00
  11634.00  0.0000000E+00
  11635.00  0.0000000E+00
  11636.00  0.0000000E+00
  11637.00  0.0000000E+00
  11638.00  0.0000000E+00
  11639.00  0.0000000E+00
  11640.00  0.0000000E+00
  11641.00  0.0000000E+00
  11642.00  0.0000000E+00
  11643.00  0.0000000E+00
  11644.00  0.0000000E+00
  11645.00  0.0000000E+00
  11646.00  0.0000000E+00
  11647.00  0.0000000E+00
  11648.00  0.0000000E+00
  11649.00  0.0000000E+00
  11650.00  0.0000000E+00
  11651.00  0.0000000E+00
  11652.00  3.5084765E-02
  11653.00  0.0000000E+00
  11654.00  0.0000000E+00
  11655.00  0.0000000E+00
  11656.00  0.0000000E+00
  11657.00  0.0000000E+00
  11658.00  0.0000000E+00
  11659.00  0.0000000E+00
  11660.00  0.0000000E+00
  11661.00  0.0000000E+00
  11662.00  0.0000000E+00
  11663.00  0.0000000E+00
  11664.00  0.0000000E+00
  11665.00  0.0000000E+00
  11666.00  0.0000000E+00
  11667.00  0.0000000E+00
  11668.00  0.0000000E+00
  11669.00  0.0000000E+00
  11670.00  0.0000000E+00
  11671.00  0.0000000E+00
  11672.00  0.0000000E+00
  11673.00  0.0000000E+00
  11674.00  0.0000000E+00
  11675.00  0.0000000E+00
  11676.00  0.0000000E+00
  11677.00  0.0000000E+00
  11678.00  0.0000000E+00
  11679.00  0.0000000E+00
  11680.00  0.0000000E+00
  11681.00  0.0000000E+00
  11682.00  0.0000000E+00
  11683.00  0.0000000E+00
  11684.00  3.7644325E-02
  11685.00  0.0000000E+00
  11686.00  0.0000000E+00
  11687.00  0.0000000E+00
  11688.00  0.0000000E+00
  11689.00  0.0000000E+00
  11690.00  0.0000000E+00
  11691.00  0.0000000E+00
  11692.00  0.0000000E+00
  11693.00  0.0000000E+00
  11694.00  0.0000000E+00
  11695.00  0.0000000E+00
  11696.00  0.0000000E+00
  11697.00  0.0000000E+00
  11698.00  0.0000000E+00
  11699.00  0.0000000E+00
  11700.00  0.0000000E+00
  11701.00  0.0000000E+00
  11702.00  0.0000000E+00
  11703.00  0.0000000E+00
  11704.00  0.0000000E+00
  11705.00  0.0000000E+00
  11706.00  0.0000000E+00
  11707.00  0.0000000E+00
  11708.00  0.0000000E+00
  11709.00  0.0000000E+00
  11710.00  0.0000000E+00
  11711.00  0.0000000E+00
  11712.00  0.0000000E+00
  11713.00  0.0000000E+00
  11714.00  0.0000000E+00
  11715.00  0.0000000E+00
  11716.00  3.5771133E-02
  11717.00  0.0000000E+00
  11718.00  0.0000000E+00
  11719.00  0.0000000E+00
  11720.00  0.0000000E+00
  11721.00  0.0000000E+00
  11722.00  0.0000000E+00
  11723.00  0.0000000E+00
  11724.00  0.0000000E+00
  11725.00  0.0000000E+00
  11726.00  0.0000000E+00
  11727.00  0.0000000E+00
  11728.00  0.0000000E+00
  11729.00  0.0000000E+00
  11730.00  0.0000000E+00
  11731.00  0.0000000E+00
  11732.00  0.0000000E+00
  11733.00  0.0000000E+00
  11734.00  0.0000000E+00
  11735.00  0.0000000E+00
  11736.00  0.0000000E+00
  11737.00  0.0000000E+00
  11738.00  0.0000000E+00
  11739.00  0.0000000E+00
  11740.00  0.0000000E+00
  11741.00  0.0000000E+00
  11742.00  0.0000000E+00
  11743.00  0.0000000E+00
  11744.00  0.0000000E+00
  11745.00  0.0000000E+00
  11746.00  0.0000000E+00
  11747.00  0.0000000E+00
  11748.00  3.8826829E-02
  11749.00  0.0000000E+00
  11750.00  0.0000000E+00
  11751.00  0.0000000E+00
  11752.00  0.0000000E+00
  11753.00  0.0000000E+00
  11754.00  0.0000000E+00
  11755.00  0.0000000E+00
  11756.00  0.0000000E+00
  11757.00  0.0000000E+00
  11758.00  0.0000000E+00
  11759.00  0.0000000E+00
  11760.00  0.0000000E+00
  11761.00  0.0000000E+00
  11762.00  0.0000000E+00
  11763.00  0.0000000E+00
  11764.00  0.0000000E+00
  11765.00  0.0000000E+00
  11766.00  0.0000000E+00
  11767.00  0.0000000E+00
  11768.00  0.0000000E+00
  11769.00  0.0000000E+00
  11770.00  0.0000000E+00
  11771.00  0.0000000E+00
  11772.00  0.0000000E+00
  11773.00  0.0000000E+00
  11774.00  0.0000000E+00
  11775.00  0.0000000E+00
  11776.00  0.0000000E+00
  11777.00  0.0000000E+00
  11778.00  0.0000000E+00
  11779.00  0.0000000E+00
  11780.00  3.4018012E-02
  11781.00  0.0000000E+00
  11782.00  0.0000000E+00
  11783.00  0.0000000E+00
  11784.00  0.0000000E+00
  11785.00  0.0000000E+00
  11786.00  0.0000000E+00
  11787.00  0.0000000E+00
  11788.00  0.0000000E+00
  11789.00  0.0000000E+00
  11790.00  0.0000000E+00
  11791.00  0.0000000E+00
  11792.00  0.0000000E+00
  11793.00  0.0000000E+00
  11794.00  0.0000000E+00
  11795.00  0.0000000E+00
  11796.00  0.0000000E+00
  11797.00  0.0000000E+00
  11798.00  0.0000000E+00
  11799.00  0.0000000E+00
  11800.00  0.0000000E+00
  11801.00  0.0000000E+00
  11802.00  0.0000000E+00
  11803.00  0.0000000E+00
  11804.00  0.0000000E+00
  11805.00  0.0000000E+00
  11806.00  0.0000000E+00
  11807.00  0.0000000E+00
  11808.00  0.0000000E+00
  11809.00  0.0000000E+00
  11810.00  0.0000000E+00
  11811.00  0.0000000E+00
  11812.00  3.8307098E-02
  11813.00  0.0000000E+00
  11814.00  0.0000000E+00

 Arctangent model
    Gamma_max  =  10.00,  Ecent =  77.00, Elarg =  20.00
    Gamma_hole =   5.31, E_cut =   0.000, Shift =   0.000 eV
    E - E_edge   Width_(eV) lambda_(A)
    -150.000       5.310       0.000
       0.000       5.310       0.000
       0.100       5.310 1199342.250
       0.200       5.310  301351.178
       0.300       5.310  134600.770
       0.400       5.310   76085.909
      10.000       5.413     169.205
      37.000       6.776      18.228
      64.000       9.316       8.375
      90.000      11.026       6.827
     117.000      11.956       6.617
     144.000      12.514       6.723
     170.000      12.885       6.912
     197.000      13.174       7.140
     224.000      13.400       7.380
     250.000      13.576       7.614
